2023-10-05 16:30:48.298: tm 0 [1, 1] repr: PusTelemetry.from_composite_fields(PusTelemetry(sp_header=SpacePacketHeader(packet_version=0, packet_type=<PacketType.TM: 0>, apid=239, seq_cnt=0, data_len=19, sec_header_flag=True, seq_flags=<SequenceFlags.UNSEGMENTED: 3>), sec_header=PusTmSecondaryHeader(service=1, subservice=1, time=CdsShortTimestamp(ccsds_days=24018, ms_of_day=52248297), message_counter=0, dest_id=0, spacecraft_time_ref=0, pus_version=2), tm_data=bytearray(b'\x18\xef\xc0\x01')
2023-10-05 16:30:48.298: tm 0 [1, 1] raw readable hex: [08,ef,c0,00,00,13,20,01,01,00,00,00,00,40,5d,d2,03,1d,3e,e9,18,ef,c0,01,44,6c]
2023-10-05 16:30:48.298: tm 0 [1, 1] raw repr: bytearray(b'\x08\xef\xc0\x00\x00\x13 \x01\x01\x00\x00\x00\x00@]\xd2\x03\x1d>\xe9\x18\xef\xc0\x01Dl')
2023-10-05 16:30:48.299: tm 1 [1, 3] repr: PusTelemetry.from_composite_fields(PusTelemetry(sp_header=SpacePacketHeader(packet_version=0, packet_type=<PacketType.TM: 0>, apid=239, seq_cnt=1, data_len=19, sec_header_flag=True, seq_flags=<SequenceFlags.UNSEGMENTED: 3>), sec_header=PusTmSecondaryHeader(service=1, subservice=3, time=CdsShortTimestamp(ccsds_days=24018, ms_of_day=52248297), message_counter=0, dest_id=0, spacecraft_time_ref=0, pus_version=2), tm_data=bytearray(b'\x18\xef\xc0\x01')
2023-10-05 16:30:48.299: tm 1 [1, 3] raw readable hex: [08,ef,c0,01,00,13,20,01,03,00,00,00,00,40,5d,d2,03,1d,3e,e9,18,ef,c0,01,d1,f3]
2023-10-05 16:30:48.299: tm 1 [1, 3] raw repr: bytearray(b'\x08\xef\xc0\x01\x00\x13 \x01\x03\x00\x00\x00\x00@]\xd2\x03\x1d>\xe9\x18\xef\xc0\x01\xd1\xf3')
2023-10-05 16:30:48.299: tm 2 [17, 2] repr: PusTelemetry.from_composite_fields(PusTelemetry(sp_header=SpacePacketHeader(packet_version=0, packet_type=<PacketType.TM: 0>, apid=239, seq_cnt=0, data_len=15, sec_header_flag=True, seq_flags=<SequenceFlags.UNSEGMENTED: 3>), sec_header=PusTmSecondaryHeader(service=17, subservice=2, time=CdsShortTimestamp(ccsds_days=24018, ms_of_day=52248297), message_counter=0, dest_id=0, spacecraft_time_ref=0, pus_version=2), tm_data=bytearray(b'')
2023-10-05 16:30:48.299: tm 2 [17, 2] raw readable hex: [08,ef,c0,00,00,0f,20,11,02,00,00,00,00,40,5d,d2,03,1d,3e,e9,19,ae]
2023-10-05 16:30:48.299: tm 2 [17, 2] raw repr: bytearray(b'\x08\xef\xc0\x00\x00\x0f \x11\x02\x00\x00\x00\x00@]\xd2\x03\x1d>\xe9\x19\xae')
2023-10-05 16:30:48.300: tm 3 [1, 7] repr: PusTelemetry.from_composite_fields(PusTelemetry(sp_header=SpacePacketHeader(packet_version=0, packet_type=<PacketType.TM: 0>, apid=239, seq_cnt=3, data_len=19, sec_header_flag=True, seq_flags=<SequenceFlags.UNSEGMENTED: 3>), sec_header=PusTmSecondaryHeader(service=1, subservice=7, time=CdsShortTimestamp(ccsds_days=24018, ms_of_day=52248297), message_counter=0, dest_id=0, spacecraft_time_ref=0, pus_version=2), tm_data=bytearray(b'\x18\xef\xc0\x01')
2023-10-05 16:30:48.300: tm 3 [1, 7] raw readable hex: [08,ef,c0,03,00,13,20,01,07,00,00,00,00,40,5d,d2,03,1d,3e,e9,18,ef,c0,01,ea,ec]
2023-10-05 16:30:48.300: tm 3 [1, 7] raw repr: bytearray(b'\x08\xef\xc0\x03\x00\x13 \x01\x07\x00\x00\x00\x00@]\xd2\x03\x1d>\xe9\x18\xef\xc0\x01\xea\xec')
2023-10-05 16:31:17.542: tm 0 [1, 1] repr: PusTelemetry.from_composite_fields(PusTelemetry(sp_header=SpacePacketHeader(packet_version=0, packet_type=<PacketType.TM: 0>, apid=239, seq_cnt=0, data_len=19, sec_header_flag=True, seq_flags=<SequenceFlags.UNSEGMENTED: 3>), sec_header=PusTmSecondaryHeader(service=1, subservice=1, time=CdsShortTimestamp(ccsds_days=24018, ms_of_day=52277541), message_counter=0, dest_id=0, spacecraft_time_ref=0, pus_version=2), tm_data=bytearray(b'\x18\xef\xc0\x03')
2023-10-05 16:31:17.542: tm 0 [1, 1] raw readable hex: [08,ef,c0,00,00,13,20,01,01,00,00,00,00,40,5d,d2,03,1d,b1,25,18,ef,c0,03,cd,9e]
2023-10-05 16:31:17.542: tm 0 [1, 1] raw repr: bytearray(b'\x08\xef\xc0\x00\x00\x13 \x01\x01\x00\x00\x00\x00@]\xd2\x03\x1d\xb1%\x18\xef\xc0\x03\xcd\x9e')
2023-10-05 16:31:17.543: tm 1 [1, 3] repr: PusTelemetry.from_composite_fields(PusTelemetry(sp_header=SpacePacketHeader(packet_version=0, packet_type=<PacketType.TM: 0>, apid=239, seq_cnt=1, data_len=19, sec_header_flag=True, seq_flags=<SequenceFlags.UNSEGMENTED: 3>), sec_header=PusTmSecondaryHeader(service=1, subservice=3, time=CdsShortTimestamp(ccsds_days=24018, ms_of_day=52277541), message_counter=0, dest_id=0, spacecraft_time_ref=0, pus_version=2), tm_data=bytearray(b'\x18\xef\xc0\x03')
2023-10-05 16:31:17.543: tm 1 [1, 3] raw readable hex: [08,ef,c0,01,00,13,20,01,03,00,00,00,00,40,5d,d2,03,1d,b1,25,18,ef,c0,03,58,01]
2023-10-05 16:31:17.543: tm 1 [1, 3] raw repr: bytearray(b'\x08\xef\xc0\x01\x00\x13 \x01\x03\x00\x00\x00\x00@]\xd2\x03\x1d\xb1%\x18\xef\xc0\x03X\x01')
2023-10-05 16:31:17.543: tm 2 [17, 2] repr: PusTelemetry.from_composite_fields(PusTelemetry(sp_header=SpacePacketHeader(packet_version=0, packet_type=<PacketType.TM: 0>, apid=239, seq_cnt=0, data_len=15, sec_header_flag=True, seq_flags=<SequenceFlags.UNSEGMENTED: 3>), sec_header=PusTmSecondaryHeader(service=17, subservice=2, time=CdsShortTimestamp(ccsds_days=24018, ms_of_day=52277541), message_counter=0, dest_id=0, spacecraft_time_ref=0, pus_version=2), tm_data=bytearray(b'')
2023-10-05 16:31:17.543: tm 2 [17, 2] raw readable hex: [08,ef,c0,00,00,0f,20,11,02,00,00,00,00,40,5d,d2,03,1d,b1,25,0a,c8]
2023-10-05 16:31:17.543: tm 2 [17, 2] raw repr: bytearray(b'\x08\xef\xc0\x00\x00\x0f \x11\x02\x00\x00\x00\x00@]\xd2\x03\x1d\xb1%\n\xc8')
2023-10-05 16:31:17.544: tm 3 [1, 7] repr: PusTelemetry.from_composite_fields(PusTelemetry(sp_header=SpacePacketHeader(packet_version=0, packet_type=<PacketType.TM: 0>, apid=239, seq_cnt=3, data_len=19, sec_header_flag=True, seq_flags=<SequenceFlags.UNSEGMENTED: 3>), sec_header=PusTmSecondaryHeader(service=1, subservice=7, time=CdsShortTimestamp(ccsds_days=24018, ms_of_day=52277541), message_counter=0, dest_id=0, spacecraft_time_ref=0, pus_version=2), tm_data=bytearray(b'\x18\xef\xc0\x03')
2023-10-05 16:31:17.544: tm 3 [1, 7] raw readable hex: [08,ef,c0,03,00,13,20,01,07,00,00,00,00,40,5d,d2,03,1d,b1,25,18,ef,c0,03,63,1e]
2023-10-05 16:31:17.544: tm 3 [1, 7] raw repr: bytearray(b'\x08\xef\xc0\x03\x00\x13 \x01\x07\x00\x00\x00\x00@]\xd2\x03\x1d\xb1%\x18\xef\xc0\x03c\x1e')
